[21540:23928:1129/110801.745:INFO:CONSOLE(2)] "[react-ga] gaTrackingID is required in initialize()", source: https://web.me.app/static/js/2.ee21d256.chunk.js (2)
[21540:23928:1129/110802.297:INFO:CONSOLE(1)] "You are not allowed to request web application", source: https://web.me.app/static/js/main.8abe4cde.chunk.js (1)
[21540:23928:1129/110802.345:INFO:CONSOLE(1)] "Socket connecting", source: https://web.me.app/static/js/main.8abe4cde.chunk.js (1)
[21540:23928:1129/110802.392:INFO:CONSOLE(0)] "Refused to load the image 'https://www.google.co.il/ads/ga-audiences?t=sr&aip=1&_r=4&slf_rd=1&v=1&_v=j96&tid=UA-180106378-1&cid=1236799015.1638169246&jid=1878117743&_u=SACAAUAAAAAAAC~&z=1327413552' because it violates the following Content Security Policy directive: "img-src 'self' data: *.google.com  *.cloudfront.net *.googleusercontent.com *.ssl.gstatic.com *.g.doubleclick.net *.facebook.com *.googletagmanager.com *.google-analytics.com".
", source: https://web.me.app/ (0)
[21540:23928:1129/110802.666:INFO:CONSOLE(1)] "[SOCKET] Socket has been connected", source: https://web.me.app/static/js/main.8abe4cde.chunk.js (1)
[21540:23928:1129/110802.666:INFO:CONSOLE(1)] "socketData [object Object]", source: https://web.me.app/static/js/main.8abe4cde.chunk.js (1)
[21540:23928:1129/110802.666:INFO:CONSOLE(1)] "gAAAAABhpJhy7SSKARMBxt01HClVW3Ep-lSMJT9zua9MzuaDw_aE4Ktg-EFz_fY4U0sTOWDv8wtfRzbNfQqcjHjQ6AzIfExnt_Z-5La8ErRk4SM_cT87uwjmGSeF6a2gH8HHh9vBdJMv", source: https://web.me.app/static/js/main.8abe4cde.chunk.js (1)
[21540:16616:1129/110804.103:ERROR:chrome_browser_main_extra_parts_metrics.cc(226)] crbug.com/1216328: Checking Bluetooth availability started. Please report if there is no report that this ends.
[21540:23928:1129/110804.104:ERROR:device_event_log_impl.cc(214)] [11:08:04.104] USB: usb_device_handle_win.cc:1048 Failed to read descriptor from node connection: A device attached to the system is not functioning. (0x1F)
[21540:16616:1129/110804.105:ERROR:chrome_browser_main_extra_parts_metrics.cc(229)] crbug.com/1216328: Checking Bluetooth availability ended.
[21540:16616:1129/110804.107:ERROR:chrome_browser_main_extra_parts_metrics.cc(232)] crbug.com/1216328: Checking default browser status started. Please report if there is no report that this ends.
[21540:16616:1129/110804.198:ERROR:chrome_browser_main_extra_parts_metrics.cc(236)] crbug.com/1216328: Checking default browser status ended.
[21540:23928:1129/110806.372:INFO:CONSOLE(1)] "null", source: https://web.me.app/static/js/main.8abe4cde.chunk.js (1)
[21540:23928:1129/110832.357:INFO:CONSOLE(1)] "Socket connecting", source: https://web.me.app/static/js/main.8abe4cde.chunk.js (1)
[21540:23928:1129/110832.670:INFO:CONSOLE(1)] "[SOCKET] Socket has been connected", source: https://web.me.app/static/js/main.8abe4cde.chunk.js (1)
[21540:23928:1129/110832.670:INFO:CONSOLE(1)] "socketData [object Object]", source: https://web.me.app/static/js/main.8abe4cde.chunk.js (1)
[21540:23928:1129/110832.670:INFO:CONSOLE(1)] "gAAAAABhpJiQI45FfyGsY_ebSqaTcDULx2KOAg4LpCuceoYynvY0_-gVt1EN6gdqjsqKUGNpD9a9BKTu0RZslHFzJrjnspxh59ZjAsxaf3yUlQnV351nskplKNdzlVqUdb_1bRL6Ro67", source: https://web.me.app/static/js/main.8abe4cde.chunk.js (1)
[21540:23928:1129/110835.369:INFO:CONSOLE(1)] "socketData [object Object]", source: https://web.me.app/static/js/main.8abe4cde.chunk.js (1)
[21540:23928:1129/110842.197:WARNING:pref_notifier_impl.cc(40)] Pref observer for media_router.cast_allow_all_ips found at shutdown.
